2: Z 2: started
9: Z 2: entering office for a service 2
10: Z 2: called by office worker
11: Z 2: going home
12: Z 9: started
14: Z 9: entering office for a service 3
15: Z 9: called by office worker
18: Z 9: going home
5: Z 5: started
22: Z 5: entering office for a service 1
24: Z 5: called by office worker
25: Z 5: going home
17: Z 12: started
21: Z 12: entering office for a service 2
23: Z 12: called by office worker
29: Z 12: going home
19: Z 13: started
26: Z 13: entering office for a service 2
27: Z 13: called by office worker
31: Z 13: going home
4: Z 4: started
32: Z 4: entering office for a service 1
33: Z 4: called by office worker
35: Z 4: going home
8: Z 8: started
37: Z 8: entering office for a service 1
38: Z 8: called by office worker
39: Z 8: going home
20: Z 14: started
43: Z 14: entering office for a service 3
45: Z 14: called by office worker
47: Z 14: going home
1: Z 1: started
44: Z 1: entering office for a service 2
46: Z 1: called by office worker
51: Z 1: going home
34: Z 17: started
41: Z 17: entering office for a service 1
42: Z 17: called by office worker
52: Z 17: going home
40: Z 19: started
53: Z 19: entering office for a service 2
54: Z 19: called by office worker
69: Z 19: going home
3: Z 3: started
63: Z 3: entering office for a service 3
64: Z 3: called by office worker
75: Z 3: going home
13: Z 10: started
97: Z 10: entering office for a service 1
98: Z 10: called by office worker
102: Z 10: going home
6: Z 6: started
106: Z 6: entering office for a service 2
107: Z 6: called by office worker
108: Z 6: going home
16: Z 11: started
111: Z 11: entering office for a service 2
113: Z 11: called by office worker
121: Z 11: going home
7: Z 7: started
112: Z 7: entering office for a service 3
114: Z 7: called by office worker
122: Z 7: going home
30: Z 16: started
125: Z 16: entering office for a service 2
126: Z 16: called by office worker
139: Z 16: going home
28: Z 15: started
148: Z 15: entering office for a service 2
149: Z 15: called by office worker
150: Z 15: going home
36: Z 18: started
163: Z 18: entering office for a service 3
164: Z 18: called by office worker
167: Z 18: going home
48: Z 20: started
176: Z 20: entering office for a service 1
178: Z 20: called by office worker
186: Z 20: going home
95: U 7: started
96: U 7: taking break
129: U 7: break finished
130: U 7: taking break
199: U 7: break finished
200: U 7: taking break
226: U 7: break finished
227: U 7: going home
127: U 11: started
128: U 11: serving a service of type 2
133: U 11: service finished
134: U 11: taking break
211: U 11: break finished
212: U 11: taking break
228: U 11: break finished
229: U 11: going home
146: U 15: started
147: U 15: taking break
230: U 15: break finished
231: U 15: going home
172: U 20: started
173: U 20: taking break
232: U 20: break finished
233: U 20: going home
49: U 1: started
50: U 1: serving a service of type 3
55: U 1: service finished
56: U 1: serving a service of type 3
57: U 1: service finished
58: U 1: serving a service of type 1
61: U 1: service finished
62: U 1: serving a service of type 2
72: U 1: service finished
73: U 1: serving a service of type 2
87: U 1: service finished
88: U 1: taking break
193: U 1: break finished
194: U 1: taking break
234: U 1: break finished
235: U 1: going home
109: U 9: started
110: U 9: serving a service of type 2
115: U 9: service finished
116: U 9: serving a service of type 3
123: U 9: service finished
124: U 9: taking break
203: U 9: break finished
204: U 9: taking break
236: U 9: break finished
237: U 9: going home
65: U 3: started
66: U 3: serving a service of type 1
67: U 3: service finished
68: U 3: serving a service of type 2
81: U 3: service finished
82: U 3: taking break
137: U 3: break finished
138: U 3: taking break
180: U 3: break finished
181: U 3: taking break
238: U 3: break finished
239: U 3: going home
101: U 8: started
103: U 8: taking break
118: U 8: break finished
119: U 8: serving a service of type 2
135: U 8: service finished
136: U 8: taking break
182: U 8: break finished
183: U 8: taking break
240: U 8: break finished
241: U 8: going home
59: U 2: started
60: U 2: serving a service of type 1
74: U 2: service finished
76: U 2: serving a service of type 2
77: U 2: service finished
78: U 2: serving a service of type 2
85: U 2: service finished
86: U 2: taking break
91: U 2: break finished
92: U 2: taking break
155: U 2: break finished
156: U 2: taking break
161: U 2: break finished
162: U 2: taking break
195: U 2: break finished
196: U 2: taking break
242: U 2: break finished
243: U 2: going home
165: U 18: started
166: U 18: serving a service of type 3
170: U 18: service finished
171: U 18: taking break
189: U 18: break finished
190: U 18: taking break
244: U 18: break finished
245: U 18: going home
140: U 13: started
141: U 13: taking break
184: U 13: break finished
185: U 13: taking break
246: U 13: break finished
247: U 13: going home
168: U 19: started
169: U 19: taking break
213: U 19: break finished
214: U 19: taking break
219: U 19: break finished
220: U 19: taking break
223: U 19: break finished
224: U 19: taking break
248: U 19: break finished
249: U 19: going home
83: U 5: started
84: U 5: taking break
197: U 5: break finished
198: U 5: taking break
250: U 5: break finished
251: U 5: going home
142: U 14: started
143: U 14: taking break
221: U 14: break finished
222: U 14: taking break
252: U 14: break finished
253: U 14: going home
159: U 17: started
160: U 17: taking break
177: U 17: break finished
179: U 17: serving a service of type 1
187: U 17: service finished
188: U 17: taking break
201: U 17: break finished
202: U 17: taking break
254: U 17: break finished
255: U 17: going home
117: U 10: started
120: U 10: taking break
157: U 10: break finished
158: U 10: taking break
217: U 10: break finished
218: U 10: taking break
256: U 10: break finished
257: U 10: going home
151: U 16: started
152: U 16: serving a service of type 2
153: U 16: service finished
154: U 16: taking break
191: U 16: break finished
192: U 16: taking break
207: U 16: break finished
208: U 16: taking break
258: U 16: break finished
259: U 16: going home
89: U 6: started
90: U 6: taking break
99: U 6: break finished
100: U 6: serving a service of type 1
104: U 6: service finished
105: U 6: taking break
144: U 6: break finished
145: U 6: taking break
215: U 6: break finished
216: U 6: taking break
260: U 6: break finished
261: U 6: going home
131: U 12: started
132: U 12: taking break
209: U 12: break finished
210: U 12: taking break
262: U 12: break finished
263: U 12: going home
70: U 4: started
71: U 4: serving a service of type 1
79: U 4: service finished
80: U 4: serving a service of type 3
93: U 4: service finished
94: U 4: taking break
174: U 4: break finished
175: U 4: taking break
205: U 4: break finished
206: U 4: taking break
264: U 4: break finished
265: U 4: going home
225: closing
